<?xml version="1.0" encoding="UTF-8"?>
<!-- Generated by org.testng.reporters.JUnitReportReporter -->
<testsuite hostname="a-fz6326r3vlg7" name="setup" tests="1" failures="0" timestamp="5 Nov 2020 10:48:13 GMT" time="6.919" errors="0">
  <testcase name="launch" time="6.919" classname="setup"/>
</testsuite> <!-- setup -->
